
ROM used:   970 (12%)
            970 (12%) including unused fragments

            2 Average locations per line
            13 Average locations per statement

RAM used:   28 (8%) at main() level
            43 (12%) worst case

Stack used: 2/8 worst case (2 in main + 0 for interrupts)

Lines Stmts  %   Files
----- ----- ---  -----
   78    50  69  MainCode.c
  418     0   0  C:\Program Files\PICC\devices\16f886.h
   49    22  31  C:\Program Files\PICC\drivers\SevenSegment.h
----- -----
  545    72 Total

Page ROM  %  RAM   Vol Diff  Functions:
---- --- --- ---   --- ----  ----------
0     20   2   1             @delay_ms1
0     73   8   2   580  3.9  DigitaNumero
0     14   1   0             @goto10064
0     80   8   1   268  1.4  inicio
0    334  34   4  1236  7.2  MAIN
0     31   3   2             @ITOF
0    117  12  13             @MULFF
0    204  21  14             @DIVFF
0     33   3   4             @SFTOI
0     23   2   5             @MUL1616
0     37   4   5             @DIV1616
 Inline        0             @cinit1

Program metrics:
    Functions               3
    Statements              72
    Comments                88
    Volume (V)              2601
    Difficulty (D)          11.8
    Effort to implement (E) 30643
    Time to implement (T)   28 minutes
    Est Delivered Bugs (B)  0
    Cyclomatic Complexity   12
    Maintainability (MI)    126

 Segment     Used  Free
-----------  ----  ----
00000-00003     4  0  
00004-007FF   966  1078  
00800-00FFF     0  2048  
01000-017FF     0  2048  
01800-01FFF     0  2048  



