
ROM used:   190 (2%)
            190 (2%) including unused fragments

            0 Average locations per line
            6 Average locations per statement

RAM used:   7 (2%) at main() level
            9 (2%) worst case

Stack used: 2/8 worst case (2 in main + 0 for interrupts)

Lines Stmts  %   Files
----- ----- ---  -----
   27    11  33  Main.c
  418     0   0  C:\Program Files\PICC\devices\16f886.h
   49    22  67  C:\Program Files\PICC\drivers\SevenSegment.h
----- -----
  494    33 Total

Page ROM  %  RAM   Vol Diff  Functions:
---- --- --- ---   --- ----  ----------
0     20  11   1             @delay_ms1
0     75  39   2   580  3.9  DigitaNumero
0     14   7   0             @goto10064
0     77  41   1   252  4.1  MAIN
 Inline        0             @cinit1

Program metrics:
    Functions               2
    Statements              33
    Comments                87
    Volume (V)              985
    Difficulty (D)          7.7
    Effort to implement (E) 7603
    Time to implement (T)   7 minutes
    Est Delivered Bugs (B)  0
    Cyclomatic Complexity   11
    Maintainability (MI)    56

 Segment     Used  Free
-----------  ----  ----
00000-00003     4  0  
00004-007FF   186  1858  
00800-00FFF     0  2048  
01000-017FF     0  2048  
01800-01FFF     0  2048  



