
ROM used:   4262 (13%)
            4266 (13%) including unused fragments

            1 Average locations per line
            4 Average locations per statement

RAM used:   245 (12%) at main() level
            282 (14%) worst case

Stack used: 14/31 worst case (5 in main + 9 for interrupts)

Lines Stmts  %   Files
----- ----- ---  -----
   85    11   1  MouseMove.c
  121    10   1  C:\Program Files\PICC\drivers\G-PiC Lite!.c
  464     0   0  C:\Program Files\PICC\devices\18F4550.h
  132     0   0  C:\Program Files\PICC\drivers\usb\usb_bootloader.h
   97    13   1  C:\Program Files\PICC\drivers\Arduino Functions.c
  338   170  17  C:\Program Files\PICC\drivers\analogWrite.c
   34     2   0  C:\Program Files\PICC\drivers\G-PiC KeyboardMouse.c
  358     0   0  C:\Program Files\PICC\drivers\KeyboardMouse_Descriptor.h
  224     0   0  C:\Program Files\PICC\drivers\pic18_usb.h
  328     0   0  C:\Program Files\PICC\drivers\usb_hw_layer.h
 1100     0   0  C:\Program Files\PICC\drivers\usb.h
  866   247  25  C:\Program Files\PICC\drivers\usb.c
 1370   317  32  C:\Program Files\PICC\drivers\pic18_usb.c
  110     0   0  C:\Program Files\PICC\drivers\KeyboardKeys.h
  223    95  10  C:\Program Files\PICC\drivers\Keyboard_Library.c
   69   113  11  C:\Program Files\PICC\drivers\KeyboardMacros.c
  163    22   2  C:\Program Files\PICC\drivers\Mouse_Library.c
----- -----
 6082  1000 Total

Page ROM  %  RAM   Vol Diff  Functions:
---- --- --- ---   --- ----  ----------
0     40   0   1             @delay_ms1
0    266   3   0  1663  3.8  Timer3_Interrupt
0     32   0   0             @const267
0     32   0   0             @const270
0     48   1   0             @const273
0     48   1   0             @const276
0    132   2   0             @const279
0     20   0   0             @const282
0     20   0   0             @const286
0     82   1   0             @const290
0     18   0   0             @const293
0     20   0   0             @const296
0     34   0   0             @const301
0     20   0   0             @const304
0     78   1   0             @const307
0     64   1   4   139  4.3  usb_tbe
0     36   0   1   134  2.5  usb_detach
0     34   0   0   136  2.2  usb_attach
0      6   0   0    16  1.0  usb_init_cs
0     36   0   1   362  5.0  usb_task
0     14   0   0    61  2.5  usb_init
0    210   2   9  1092  5.4  usb_flush_in
0    162   2  10   344  6.1  usb_put_packet
0    184   2   9   914  5.0  usb_flush_out
0     70   1   6   258  4.6  usb_stall_ep
0     68   1   6   266  4.6  usb_unstall_ep
0     86   1   5   373  6.0  usb_endpoint_stalled
0     22   0   1    94  2.7  usb_set_address
0    370   4  12  1774 10.4  usb_set_configured
0     76   1   5   199  3.2  usb_disable_endpoint
0     22   0   1    99  3.0  usb_disable_endpoints
0      4   0   0    61  4.0  usb_clear_trn
0    126   1   2   656  6.7  usb_isr
0      6   0   0    43  2.0  usb_isr_sof
0     42   0   0   357  4.2  usb_isr_rst
0     32   0   0   508  4.0  usb_init_ep0_setup
0      8   0   0    74  2.8  usb_isr_uerr
0     10   0   0    82  2.8  usb_isr_uidle
0     16   0   0   102  3.3  usb_isr_activity
0     14   0   0   151  3.9  usb_isr_stall
0      6   0   1    30  1.7  usb_request_send_response
0      4   0   0    22  1.2  usb_request_stall
0    206   2   2  1485  7.8  usb_isr_tok_dne
0     42   0   3   255  4.0  usb_token_reset
0     66   1   3   274  5.9  usb_endpoint_is_valid
0     22   0   1   158  3.1  usb_isr_tok_in_dne
0      6   0   1    53  1.9  usb_isr_tok_out_dne
0     50   1   0   375  6.4  usb_isr_tok_setup_dne
0    164   2   0  1454  8.3  usb_isr_tkn_setup_StandardDevice
0    148   2   3  1002  7.8  usb_isr_tkn_setup_StandardInterface
0     94   1   0   753  5.8  usb_isr_tkn_setup_StandardEndpoint
0     12   0   0   105  3.8  usb_isr_tkn_setup_ClassInterface
0    254   3   0  1492  8.8  usb_Get_Descriptor
0     14   0   0    76  1.8  usb_finish_set_address
0    130   2   4   783  3.4  usb_copy_desc_seg_to_ep
0     34   0   0             @goto11479
0     20   0   1    27  0.9  KeyboardMouse_begin
0     44   1   3   266  3.4  mouse_move
0    156   2   0   226  2.7  MAIN
 Inline        0             @cinit1

Program metrics:
    Functions               44
    Statements              1000
    Comments                4441
    Volume (V)              34273
    Difficulty (D)          183.6
    Effort to implement (E) 6292477
    Time to implement (T)   97 hours, 6 minutes
    Est Delivered Bugs (B)  11
    Cyclomatic Complexity   133
    Maintainability (MI)    92

 Segment     Used  Free
-----------  ----  ----
00000-01FFE     0  8192  
02000-02006     4  4  
02008-020B8   178  0  
020BA-07FFE  4080  20310  



