
ROM used:   4222 (26%)
            4222 (26%) including unused fragments

            1 Average locations per line
            5 Average locations per statement

RAM used:   307 (40%) at main() level
            337 (44%) worst case

Stack used: 15/31 worst case (6 in main + 9 for interrupts)

Lines Stmts  %   Files
----- ----- ---  -----
   92    19   2  G-PiCDoorController_USBCheck.c
  485     0   0  C:\Program Files\PICC\devices\18F14K50.h
  582   128  16  usb\usb_cdc.h
  222     0   0  usb\pic18_usb.h
  328     0   0  usb\usb_hw_layer.h
  291     0   0  usb\usb_desc_cdc.h
 1063     0   0  usb\usb.h
  808   237  30  usb\usb.c
 1281   320  40  usb\pic18_usb.c
   28    99  12  C:\Program Files\PICC\drivers\ctype.h
----- -----
 5180   803 Total

Page ROM  %  RAM   Vol Diff  Functions:
---- --- --- ---   --- ----  ----------
0     42   0   1             @delay_ms1
0     32   0   0             @const185
0     32   0   0             @const188
0     48   1   0             @const191
0     48   1   0             @const194
0     84   1   0             @const197
0     18   0   0             @const200
0     24   0   0             @const203
0     34   0   0             @const208
0     76   1   0             @const212
0     64   1   4   133  4.3  usb_tbe
0     34   0   1   136  2.3  usb_detach
0     34   0   0   136  2.2  usb_attach
0      6   0   0    16  1.0  usb_init_cs
0     36   0   1   346  4.6  usb_task
0     14   0   0    61  2.5  usb_init
0    210   2   9  1083  5.4  usb_flush_in
0    138   2  10   320  5.5  usb_put_packet
0    184   2   9   899  4.9  usb_flush_out
0     46   1   3    61  2.6  usb_rx_packet_size
0     70   1   6   251  4.6  usb_stall_ep
0     68   1   6   258  4.6  usb_unstall_ep
0     86   1   5   360  5.8  usb_endpoint_stalled
0     22   0   1    88  2.7  usb_set_address
0    370   4  12  1722  9.8  usb_set_configured
0     76   1   5   192  3.2  usb_disable_endpoint
0     22   0   1    93  2.9  usb_disable_endpoints
0      4   0   0    39  2.0  usb_clear_trn
0    126   1   2   638  6.6  usb_isr
0      6   0   0    43  2.0  usb_isr_sof
0     54   1   0   357  4.2  usb_isr_rst
0     32   0   0   508  4.0  usb_init_ep0_setup
0     12   0   0    74  2.8  usb_isr_uerr
0     10   0   0    82  2.8  usb_isr_uidle
0     16   0   0   102  3.3  usb_isr_activity
0     22   0   0   151  3.9  usb_isr_stall
0      6   0   1    30  1.7  usb_request_send_response
0      6   0   0    22  1.2  usb_request_get_data
0      4   0   0    22  1.2  usb_request_stall
0    322   4   8  2031  7.9  usb_isr_tok_dne
0     12   0   0    52  2.1  usb_wait_for_enumeration
0     40   0   3   248  4.0  usb_token_reset
0     66   1   3   267  5.9  usb_endpoint_is_valid
0     34   0   1   204  3.1  usb_isr_tok_in_dne
0     18   0   1   108  2.5  usb_isr_tok_out_dne
0     50   1   0   336  5.5  usb_isr_tok_setup_dne
0    164   2   0  1454  8.3  usb_isr_tkn_setup_StandardDevice
0    140   2   3   930  7.7  usb_isr_tkn_setup_StandardInterface
0     94   1   0   753  5.8  usb_isr_tkn_setup_StandardEndpoint
0    146   2   0  1088  8.7  usb_Get_Descriptor
0     14   0   0    76  1.8  usb_finish_set_address
0    100   1   4   591  8.6  usb_copy_desc_seg_to_ep
0     98   1   0   477  6.1  usb_isr_tok_out_cdc_control_dne
0    162   2   0  1121  8.3  usb_isr_tkn_cdc
0     24   0   0   174  3.6  usb_isr_tok_out_cdc_data_dne
0     10   0   0    30  1.5  usb_isr_tok_in_cdc_data_dne
0     32   0   0    86  2.1  usb_cdc_flush_out_buffer
0    110   1   4   255  2.3  usb_cdc_init
0     12   0   0    59  2.3  usb_cdc_get_discard
0     54   1   2   216  5.7  usb_cdc_getc
0      8   0   0    21  1.0  usbInit
0    126   1   1   386  4.7  MAIN
 Inline        0   272  5.5  @cinit1

Program metrics:
    Functions               53
    Statements              803
    Comments                3507
    Volume (V)              36772
    Difficulty (D)          226.3
    Effort to implement (E) 8322435
    Time to implement (T)   128 hours, 26 minutes
    Est Delivered Bugs (B)  14
    Cyclomatic Complexity   124
    Maintainability (MI)    94

 Segment     Used  Free
-----------  ----  ----
00000-00002     4  0  
00004-00006     4  0  
00008-000AC   166  0  
000AE-03FFE  4048  12162  



