
ROM used:   6580 (20%)
            6584 (20%) including unused fragments

            1 Average locations per line
            6 Average locations per statement

RAM used:   438 (21%) at main() level
            502 (25%) worst case

Stack used: 17/31 worst case (8 in main + 9 for interrupts)

Lines Stmts  %   Files
----- ----- ---  -----
   20     9   1  MainCode.c
  121    10   1  C:\Program Files\PICC\drivers\G-PiC Lite!.c
  464     0   0  C:\Program Files\PICC\devices\18F4550.h
  132     0   0  C:\Program Files\PICC\drivers\usb\usb_bootloader.h
   97    13   1  C:\Program Files\PICC\drivers\Arduino Functions.c
  338   170  16  C:\Program Files\PICC\drivers\analogWrite.c
  144    69   6  C:\Program Files\PICC\drivers\DS1621.c
  776   138  13  C:\Program Files\PICC\drivers\usb_cdc.h
  224     0   0  C:\Program Files\PICC\drivers\pic18_usb.h
  328     0   0  C:\Program Files\PICC\drivers\usb_hw_layer.h
  297     0   0  C:\Program Files\PICC\drivers\usb_desc_cdc.h
 1100     0   0  C:\Program Files\PICC\drivers\usb.h
  866   238  22  C:\Program Files\PICC\drivers\usb.c
 1370   317  30  C:\Program Files\PICC\drivers\pic18_usb.c
   28   109  10  C:\Program Files\PICC\drivers\ctype.h
----- -----
 6305  1073 Total

Page ROM  %  RAM   Vol Diff  Functions:
---- --- --- ---   --- ----  ----------
0     40   0   1             @delay_ms1
0    266   2   0  1663  3.8  Timer3_Interrupt
0    244   2  11             @MULFF
0    102   1   3             @I2C_READ_1
0    108   1   1             @I2C_WRITE_1
0     90   1   1    86  1.3  temp_config
0     98   1   0   114  1.3  init_temp
0     82   1   6             @MULS1616
0    118   1   6             @DIVS1616
0    250   2   6   515  6.8  read_full_temp
0     32   0   0             @const312
0     32   0   0             @const315
0     48   0   0             @const318
0     48   0   0             @const321
0     84   1   0             @const324
0     18   0   0             @const327
0     24   0   0             @const330
0     34   0   0             @const335
0     52   0   0             @const339
0     30   0   5             @MUL1616
0     78   1   4   139  4.3  usb_tbe
0     36   0   1   134  2.5  usb_detach
0     34   0   0   136  2.2  usb_attach
0      6   0   0    16  1.0  usb_init_cs
0     36   0   1   362  5.0  usb_task
0     14   0   0    61  2.5  usb_init
0    264   2   9  1092  5.4  usb_flush_in
0    150   1  10   344  6.1  usb_put_packet
0    226   2   9   914  5.0  usb_flush_out
0     60   0   3    66  2.7  usb_rx_packet_size
0     90   1   6   258  4.6  usb_stall_ep
0     88   1   6   266  4.6  usb_unstall_ep
0    106   1   5   373  6.0  usb_endpoint_stalled
0     22   0   1    94  2.7  usb_set_address
0    418   3  12  1774 10.4  usb_set_configured
0     96   1   5   199  3.2  usb_disable_endpoint
0     22   0   1    99  3.0  usb_disable_endpoints
0      4   0   0    61  4.0  usb_clear_trn
0    126   1   2   656  6.7  usb_isr
0      6   0   0    43  2.0  usb_isr_sof
0     42   0   0   357  4.2  usb_isr_rst
0     32   0   0   508  4.0  usb_init_ep0_setup
0      8   0   0    74  2.8  usb_isr_uerr
0     10   0   0    82  2.8  usb_isr_uidle
0     16   0   0   102  3.3  usb_isr_activity
0     14   0   0   151  3.9  usb_isr_stall
0      6   0   1    30  1.7  usb_request_send_response
0      6   0   0    22  1.2  usb_request_get_data
0      4   0   0    22  1.2  usb_request_stall
0    202   2   2  1485  7.8  usb_isr_tok_dne
0     44   0   3   273  4.0  usb_token_reset
0     66   1   3   274  5.9  usb_endpoint_is_valid
0     34   0   1   212  3.1  usb_isr_tok_in_dne
0     18   0   1   115  2.5  usb_isr_tok_out_dne
0     50   0   0   375  6.4  usb_isr_tok_setup_dne
0    164   1   0  1454  8.3  usb_isr_tkn_setup_StandardDevice
0    140   1   3   939  7.7  usb_isr_tkn_setup_StandardInterface
0     94   1   0   753  5.8  usb_isr_tkn_setup_StandardEndpoint
0    184   1   0  1088  8.7  usb_Get_Descriptor
0     14   0   0    76  1.8  usb_finish_set_address
0    120   1   4   622  9.1  usb_copy_desc_seg_to_ep
0     90   1   0   401  6.1  usb_isr_tok_out_cdc_control_dne
0    162   1   0  1146  8.3  usb_isr_tkn_cdc
0     24   0   0   174  3.6  usb_isr_tok_out_cdc_data_dne
0      6   0   0    16  1.0  usb_isr_tok_in_cdc_data_dne
0     34   0   0   106  2.9  usb_cdc_flush_out_buffer
0    112   1   4   280  2.3  usb_cdc_init
0     14   0   0    59  2.3  usb_cdc_get_discard
0     48   0   4   206  4.5  _usb_cdc_putc_fast_noflush
0     48   0   1    67  1.8  usb_cdc_putc_fast
0     16   0   1    80  3.1  usb_cdc_putc
0    186   1   1   195  3.0  MAIN
0     74   1   2             @SITOF
0     20   0   0             @const593
0     30   0   3             @PSTRINGCN_205
0     64   0   5             @FTOSD
0    142   1  13             @DIV3232
0    378   3  13             @PRINTF_L32D_205FPFPF
 Inline        0             @cinit1

Program metrics:
    Functions               56
    Statements              1073
    Comments                4309
    Volume (V)              40382
    Difficulty (D)          234.5
    Effort to implement (E) 9470925
    Time to implement (T)   146 hours, 9 minutes
    Est Delivered Bugs (B)  15
    Cyclomatic Complexity   149
    Maintainability (MI)    131

 Segment     Used  Free
-----------  ----  ----
00000-01FFE     0  8192  
02000-02006     4  4  
02008-020B8   178  0  
020BA-07FFE  6398  17992  



