CCS PCH C Compiler, Version 4.140, 38880               02-may-13 11:00

               Filename:   D:\Electronica\CCS\HardwarePWM\PWM.lst

               ROM used:   812 bytes (2%)
                           Largest free fragment is 31956
               RAM used:   7 (0%) at main() level
                           25 (1%) worst case
               Stack:     6 locations

*
0000:  GOTO   029A
.................... #include <18F2550.h> 
.................... //////// Standard Header file for the PIC18F2550 device //////////////// 
.................... #device PIC18F2550 
.................... #list 
....................  
.................... #device ADC=10    // Configura el ADC para una lectura de 10 bit, 8 por default 
.................... #fuses HSPLL,NOWDT,NOPROTECT,NOLVP,NODEBUG,USBDIV,PLL2,CPUDIV1,VREGEN,NOPBADEN 
.................... #use delay(clock=48000000) 
*
0024:  CLRF   FEA
0026:  MOVLW  10
0028:  MOVWF  FE9
002A:  MOVF   FEF,W
002C:  BZ    004A
002E:  MOVLW  0F
0030:  MOVWF  01
0032:  CLRF   00
0034:  DECFSZ 00,F
0036:  BRA    0034
0038:  DECFSZ 01,F
003A:  BRA    0032
003C:  MOVLW  8F
003E:  MOVWF  00
0040:  DECFSZ 00,F
0042:  BRA    0040
0044:  NOP   
0046:  DECFSZ FEF,F
0048:  BRA    002E
004A:  RETURN 0
.................... #include <lcd.c> 
.................... /////////////////////////////////////////////////////////////////////////////// 
.................... ////                             LCD.C                                     //// 
.................... ////                 Driver for common LCD modules                         //// 
.................... ////                                                                       //// 
.................... ////  lcd_init()   Must be called before any other function.               //// 
.................... ////                                                                       //// 
.................... ////  lcd_putc(c)  Will display c on the next position of the LCD.         //// 
.................... ////                 \a  Set cursor position to upper left                 //// 
.................... ////                 \f  Clear display, set cursor to upper left           //// 
.................... ////                 \n  Go to start of second line                        //// 
.................... ////                 \b  Move back one position                            //// 
.................... ////              If LCD_EXTENDED_NEWLINE is defined, the \n character     //// 
.................... ////              will erase all remanining characters on the current      //// 
.................... ////              line, and move the cursor to the beginning of the next   //// 
.................... ////              line.                                                    //// 
.................... ////              If LCD_EXTENDED_NEWLINE is defined, the \r character     //// 
.................... ////              will move the cursor to the start of the current         //// 
.................... ////              line.                                                    //// 
.................... ////                                                                       //// 
.................... ////  lcd_gotoxy(x,y) Set write position on LCD (upper left is 1,1)        //// 
.................... ////                                                                       //// 
.................... ////  lcd_getc(x,y)   Returns character at position x,y on LCD             //// 
.................... ////                                                                       //// 
.................... ////  lcd_cursor_on(int1 on)   Turn the cursor on (on=TRUE) or off         //// 
.................... ////              (on=FALSE).                                              //// 
.................... ////                                                                       //// 
.................... ////  lcd_set_cgram_char(w, *p)   Write a custom character to the CGRAM.   //// 
.................... ////                                                                       //// 
.................... ////                                                                       //// 
.................... ////  CONFIGURATION                                                        //// 
.................... ////  The LCD can be configured in one of two ways: a.) port access or     //// 
.................... ////  b.) pin access.  Port access requires the entire 7 bit interface     //// 
.................... ////  connected to one GPIO port, and the data bits (D4:D7 of the LCD)     //// 
.................... ////  connected to sequential pins on the GPIO.  Pin access                //// 
.................... ////  has no requirements, all 7 bits of the control interface can         //// 
.................... ////  can be connected to any GPIO using several ports.                    //// 
.................... ////                                                                       //// 
.................... ////  To use port access, #define LCD_DATA_PORT to the SFR location of     //// 
.................... ////  of the GPIO port that holds the interface, -AND- edit LCD_PIN_MAP    //// 
.................... ////  of this file to configure the pin order.  If you are using a         //// 
.................... ////  baseline PIC (PCB), then LCD_OUTPUT_MAP and LCD_INPUT_MAP also must  //// 
.................... ////  be defined.                                                          //// 
.................... ////                                                                       //// 
.................... ////  Example of port access:                                              //// 
.................... ////     #define LCD_DATA_PORT getenv("SFR:PORTD")                         //// 
.................... ////                                                                       //// 
.................... ////  To use pin access, the following pins must be defined:               //// 
.................... ////     LCD_ENABLE_PIN                                                    //// 
.................... ////     LCD_RS_PIN                                                        //// 
.................... ////     LCD_RW_PIN                                                        //// 
.................... ////     LCD_DATA4                                                         //// 
.................... ////     LCD_DATA5                                                         //// 
.................... ////     LCD_DATA6                                                         //// 
.................... ////     LCD_DATA7                                                         //// 
.................... ////                                                                       //// 
.................... ////  Example of pin access:                                               //// 
.................... ////     #define LCD_ENABLE_PIN  PIN_E0                                    //// 
.................... ////     #define LCD_RS_PIN      PIN_E1                                    //// 
.................... ////     #define LCD_RW_PIN      PIN_E2                                    //// 
.................... ////     #define LCD_DATA4       PIN_D4                                    //// 
.................... ////     #define LCD_DATA5       PIN_D5                                    //// 
.................... ////     #define LCD_DATA6       PIN_D6                                    //// 
.................... ////     #define LCD_DATA7       PIN_D7                                    //// 
.................... ////                                                                       //// 
.................... /////////////////////////////////////////////////////////////////////////////// 
.................... ////        (C) Copyright 1996,2010 Custom Computer Services           //// 
.................... //// This source code may only be used by licensed users of the CCS C  //// 
.................... //// compiler.  This source code may only be distributed to other      //// 
.................... //// licensed users of the CCS C compiler.  No other use, reproduction //// 
.................... //// or distribution is permitted without written permission.          //// 
.................... //// Derivative programs created using this software in object code    //// 
.................... //// form are not restricted in any way.                               //// 
.................... /////////////////////////////////////////////////////////////////////////// 
....................  
.................... #ifndef __LCD_C__ 
.................... #define __LCD_C__ 
....................  
.................... // define the pinout. 
.................... // only required if port access is being used. 
.................... typedef struct   
.................... {                            // This structure is overlayed 
....................    int1 enable;           // on to an I/O port to gain 
....................    int1 rs;               // access to the LCD pins. 
....................    int1 rw;               // The bits are allocated from 
....................    int1 unused;           // low order up.  ENABLE will 
....................    unsigned int     data : 4;         // be LSB pin of that port. 
....................   #if defined(__PCD__)       // The port used will be LCD_DATA_PORT. 
....................    unsigned int    reserved: 8; 
....................   #endif 
.................... } LCD_PIN_MAP; 
....................  
.................... // this is to improve compatability with previous LCD drivers that accepted 
.................... // a define labeled 'use_portb_lcd' that configured the LCD onto port B. 
.................... #if ((defined(use_portb_lcd)) && (use_portb_lcd==TRUE)) 
....................  #define LCD_DATA_PORT getenv("SFR:PORTB") 
.................... #endif 
....................  
.................... #if defined(__PCB__) 
....................    // these definitions only need to be modified for baseline PICs. 
....................    // all other PICs use LCD_PIN_MAP or individual LCD_xxx pin definitions. 
.................... /*                                    EN, RS,   RW,   UNUSED,  DATA  */ 
....................  const LCD_PIN_MAP LCD_OUTPUT_MAP =  {0,  0,    0,    0,       0}; 
....................  const LCD_PIN_MAP LCD_INPUT_MAP =   {0,  0,    0,    0,       0xF}; 
.................... #endif 
....................  
.................... ////////////////////// END CONFIGURATION /////////////////////////////////// 
....................  
.................... #ifndef LCD_ENABLE_PIN 
....................    #define lcd_output_enable(x) lcdlat.enable=x 
....................    #define lcd_enable_tris()   lcdtris.enable=0 
.................... #else 
....................    #define lcd_output_enable(x) output_bit(LCD_ENABLE_PIN, x) 
....................    #define lcd_enable_tris()  output_drive(LCD_ENABLE_PIN) 
.................... #endif 
....................  
.................... #ifndef LCD_RS_PIN 
....................    #define lcd_output_rs(x) lcdlat.rs=x 
....................    #define lcd_rs_tris()   lcdtris.rs=0 
.................... #else 
....................    #define lcd_output_rs(x) output_bit(LCD_RS_PIN, x) 
....................    #define lcd_rs_tris()  output_drive(LCD_RS_PIN) 
.................... #endif 
....................  
.................... #ifndef LCD_RW_PIN 
....................    #define lcd_output_rw(x) lcdlat.rw=x 
....................    #define lcd_rw_tris()   lcdtris.rw=0 
.................... #else 
....................    #define lcd_output_rw(x) output_bit(LCD_RW_PIN, x) 
....................    #define lcd_rw_tris()  output_drive(LCD_RW_PIN) 
.................... #endif 
....................  
.................... // original version of this library incorrectly labeled LCD_DATA0 as LCD_DATA4, 
.................... // LCD_DATA1 as LCD_DATA5, and so on.  this block of code makes the driver 
.................... // compatible with any code written for the original library 
.................... #if (defined(LCD_DATA0) && defined(LCD_DATA1) && defined(LCD_DATA2) && defined(LCD_DATA3) && !defined(LCD_DATA4) && !defined(LCD_DATA5) && !defined(LCD_DATA6) && !defined(LCD_DATA7)) 
....................    #define  LCD_DATA4    LCD_DATA0 
....................    #define  LCD_DATA5    LCD_DATA1 
....................    #define  LCD_DATA6    LCD_DATA2 
....................    #define  LCD_DATA7    LCD_DATA3 
.................... #endif 
....................  
.................... #ifndef LCD_DATA4 
.................... #ifndef LCD_DATA_PORT 
....................    #if defined(__PCB__) 
....................       #define LCD_DATA_PORT      0x06     //portb 
....................       #define set_tris_lcd(x)   set_tris_b(x) 
....................    #else 
....................      #if defined(PIN_D0) 
....................       #define LCD_DATA_PORT      getenv("SFR:PORTD")     //portd 
....................      #else 
....................       #define LCD_DATA_PORT      getenv("SFR:PORTB")     //portb 
....................      #endif 
....................    #endif    
.................... #endif 
....................  
.................... #if defined(__PCB__) 
....................    LCD_PIN_MAP lcd, lcdlat; 
....................    #byte lcd = LCD_DATA_PORT 
....................    #byte lcdlat = LCD_DATA_PORT 
.................... #elif defined(__PCM__) 
....................    LCD_PIN_MAP lcd, lcdlat, lcdtris; 
....................    #byte lcd = LCD_DATA_PORT 
....................    #byte lcdlat = LCD_DATA_PORT 
....................    #byte lcdtris = LCD_DATA_PORT+0x80 
.................... #elif defined(__PCH__) 
....................    LCD_PIN_MAP lcd, lcdlat, lcdtris; 
....................    #byte lcd = LCD_DATA_PORT 
....................    #byte lcdlat = LCD_DATA_PORT+9 
....................    #byte lcdtris = LCD_DATA_PORT+0x12 
.................... #elif defined(__PCD__) 
....................    LCD_PIN_MAP lcd, lcdlat, lcdtris; 
....................    #word lcd = LCD_DATA_PORT 
....................    #word lcdlat = LCD_DATA_PORT+2 
....................    #word lcdtris = LCD_DATA_PORT-0x02 
.................... #endif 
.................... #endif   //LCD_DATA4 not defined 
....................  
.................... #ifndef LCD_TYPE 
....................    #define LCD_TYPE 2           // 0=5x7, 1=5x10, 2=2 lines 
.................... #endif 
....................  
.................... #ifndef LCD_LINE_TWO 
....................    #define LCD_LINE_TWO 0x40    // LCD RAM address for the second line 
.................... #endif 
....................  
.................... #ifndef LCD_LINE_LENGTH 
....................    #define LCD_LINE_LENGTH 20 
.................... #endif 
....................  
.................... unsigned int8 const LCD_INIT_STRING[4] = {0x20 | (LCD_TYPE << 2), 0xc, 1, 6}; 
....................                              // These bytes need to be sent to the LCD 
....................                              // to start it up. 
....................  
.................... unsigned int8 lcd_read_nibble(void); 
....................  
.................... unsigned int8 lcd_read_byte(void) 
.................... { 
....................    unsigned int8 low,high; 
....................  
....................  #if defined(__PCB__) 
....................    set_tris_lcd(LCD_INPUT_MAP); 
....................  #else 
....................   #if (defined(LCD_DATA4) && defined(LCD_DATA5) && defined(LCD_DATA6) && defined(LCD_DATA7)) 
....................    output_float(LCD_DATA4); 
....................    output_float(LCD_DATA5); 
....................    output_float(LCD_DATA6); 
....................    output_float(LCD_DATA7); 
....................   #else 
....................    lcdtris.data = 0xF; 
*
0078:  MOVLW  0F
007A:  ANDWF  F93,W
007C:  IORLW  F0
007E:  MOVWF  F93
....................   #endif 
....................  #endif 
....................          
....................    lcd_output_rw(1); 
0080:  BSF    F8A.2
....................    delay_cycles(1); 
0082:  NOP   
....................    lcd_output_enable(1); 
0084:  BSF    F8A.0
....................    delay_cycles(1); 
0086:  NOP   
....................    high = lcd_read_nibble(); 
0088:  RCALL  006C
008A:  MOVFF  01,17
....................        
....................    lcd_output_enable(0); 
008E:  BCF    F8A.0
....................    delay_cycles(1); 
0090:  NOP   
....................    lcd_output_enable(1); 
0092:  BSF    F8A.0
....................    delay_us(1); 
0094:  MOVLW  03
0096:  MOVWF  00
0098:  DECFSZ 00,F
009A:  BRA    0098
009C:  BRA    009E
....................    low = lcd_read_nibble(); 
009E:  RCALL  006C
00A0:  MOVFF  01,16
....................        
....................    lcd_output_enable(0); 
00A4:  BCF    F8A.0
....................  
....................  #if defined(__PCB__) 
....................    set_tris_lcd(LCD_OUTPUT_MAP); 
....................  #else 
....................   #if (defined(LCD_DATA4) && defined(LCD_DATA5) && defined(LCD_DATA6) && defined(LCD_DATA7)) 
....................    output_drive(LCD_DATA4); 
....................    output_drive(LCD_DATA5); 
....................    output_drive(LCD_DATA6); 
....................    output_drive(LCD_DATA7); 
....................   #else 
....................    lcdtris.data = 0x0; 
00A6:  MOVLW  0F
00A8:  ANDWF  F93,W
00AA:  MOVWF  F93
....................   #endif 
....................  #endif 
....................  
....................    return( (high<<4) | low); 
00AC:  SWAPF  17,W
00AE:  MOVWF  00
00B0:  MOVLW  F0
00B2:  ANDWF  00,F
00B4:  MOVF   00,W
00B6:  IORWF  16,W
00B8:  MOVWF  01
.................... } 
00BA:  GOTO   00C8 (RETURN)
....................  
.................... unsigned int8 lcd_read_nibble(void) 
.................... { 
....................   #if (defined(LCD_DATA4) && defined(LCD_DATA5) && defined(LCD_DATA6) && defined(LCD_DATA7)) 
....................    unsigned int8 n = 0x00; 
....................  
....................    /* Read the data port */ 
....................    n |= input(LCD_DATA4); 
....................    n |= input(LCD_DATA5) << 1; 
....................    n |= input(LCD_DATA6) << 2; 
....................    n |= input(LCD_DATA7) << 3; 
....................     
....................    return(n); 
....................   #else 
....................    return(lcd.data); 
*
006C:  MOVF   F81,W
006E:  MOVWF  00
0070:  SWAPF  00,W
0072:  ANDLW  0F
0074:  MOVWF  01
....................   #endif 
.................... } 
0076:  RETURN 0
....................  
.................... void lcd_send_nibble(unsigned int8 n) 
.................... { 
....................   #if (defined(LCD_DATA4) && defined(LCD_DATA5) && defined(LCD_DATA6) && defined(LCD_DATA7)) 
....................    /* Write to the data port */ 
....................    output_bit(LCD_DATA4, bit_test(n, 0)); 
....................    output_bit(LCD_DATA5, bit_test(n, 1)); 
....................    output_bit(LCD_DATA6, bit_test(n, 2)); 
....................    output_bit(LCD_DATA7, bit_test(n, 3)); 
....................   #else       
....................    lcdlat.data = n; 
*
004C:  SWAPF  17,W
004E:  ANDLW  F0
0050:  MOVWF  00
0052:  MOVLW  0F
0054:  ANDWF  F8A,W
0056:  IORWF  00,W
0058:  MOVWF  F8A
....................   #endif 
....................        
....................    delay_cycles(1); 
005A:  NOP   
....................    lcd_output_enable(1); 
005C:  BSF    F8A.0
....................    delay_us(2); 
005E:  MOVLW  07
0060:  MOVWF  00
0062:  DECFSZ 00,F
0064:  BRA    0062
0066:  BRA    0068
....................    lcd_output_enable(0); 
0068:  BCF    F8A.0
.................... } 
006A:  RETURN 0
....................  
.................... void lcd_send_byte(unsigned int8 address, unsigned int8 n) 
.................... { 
....................   #if defined(__PCB__) 
....................    set_tris_lcd(LCD_OUTPUT_MAP); 
....................   #else 
....................    lcd_enable_tris(); 
*
00BE:  BCF    F93.0
....................    lcd_rs_tris(); 
00C0:  BCF    F93.1
....................    lcd_rw_tris(); 
00C2:  BCF    F93.2
....................   #endif 
....................  
....................    lcd_output_rs(0); 
00C4:  BCF    F8A.1
....................    while ( bit_test(lcd_read_byte(),7) ) ; 
00C6:  BRA    0078
00C8:  MOVFF  01,16
00CC:  BTFSC  01.7
00CE:  BRA    00C6
....................    lcd_output_rs(address); 
00D0:  BCF    F8A.1
00D2:  BTFSC  14.0
00D4:  BSF    F8A.1
....................    delay_cycles(1); 
00D6:  NOP   
....................    lcd_output_rw(0); 
00D8:  BCF    F8A.2
....................    delay_cycles(1); 
00DA:  NOP   
....................    lcd_output_enable(0); 
00DC:  BCF    F8A.0
....................    lcd_send_nibble(n >> 4); 
00DE:  SWAPF  15,W
00E0:  MOVWF  16
00E2:  MOVLW  0F
00E4:  ANDWF  16,F
00E6:  MOVFF  16,17
00EA:  RCALL  004C
....................    lcd_send_nibble(n & 0xf); 
00EC:  MOVF   15,W
00EE:  ANDLW  0F
00F0:  MOVWF  16
00F2:  MOVWF  17
00F4:  RCALL  004C
.................... } 
00F6:  RETURN 0
....................  
.................... #if defined(LCD_EXTENDED_NEWLINE) 
.................... unsigned int8 g_LcdX, g_LcdY; 
.................... #endif 
....................  
.................... void lcd_init(void)  
.................... { 
....................    unsigned int8 i; 
....................  
....................  #if defined(__PCB__) 
....................    set_tris_lcd(LCD_OUTPUT_MAP); 
....................  #else 
....................   #if (defined(LCD_DATA4) && defined(LCD_DATA5) && defined(LCD_DATA6) && defined(LCD_DATA7)) 
....................    output_drive(LCD_DATA4); 
....................    output_drive(LCD_DATA5); 
....................    output_drive(LCD_DATA6); 
....................    output_drive(LCD_DATA7); 
....................   #else 
....................    lcdtris.data = 0x0; 
00F8:  MOVLW  0F
00FA:  ANDWF  F93,W
00FC:  MOVWF  F93
....................   #endif 
....................    lcd_enable_tris(); 
00FE:  BCF    F93.0
....................    lcd_rs_tris(); 
0100:  BCF    F93.1
....................    lcd_rw_tris(); 
0102:  BCF    F93.2
....................  #endif 
....................  
....................    lcd_output_rs(0); 
0104:  BCF    F8A.1
....................    lcd_output_rw(0); 
0106:  BCF    F8A.2
....................    lcd_output_enable(0); 
0108:  BCF    F8A.0
....................      
....................    delay_ms(15); 
010A:  MOVLW  0F
010C:  MOVWF  10
010E:  RCALL  0024
....................    for(i=1;i<=3;++i) 
0110:  MOVLW  01
0112:  MOVWF  06
0114:  MOVF   06,W
0116:  SUBLW  03
0118:  BNC   012A
....................    { 
....................        lcd_send_nibble(3); 
011A:  MOVLW  03
011C:  MOVWF  17
011E:  RCALL  004C
....................        delay_ms(5); 
0120:  MOVLW  05
0122:  MOVWF  10
0124:  RCALL  0024
....................    } 
0126:  INCF   06,F
0128:  BRA    0114
....................     
....................    lcd_send_nibble(2); 
012A:  MOVLW  02
012C:  MOVWF  17
012E:  RCALL  004C
....................    delay_ms(5); 
0130:  MOVLW  05
0132:  MOVWF  10
0134:  RCALL  0024
....................    for(i=0;i<=3;++i) 
0136:  CLRF   06
0138:  MOVF   06,W
013A:  SUBLW  03
013C:  BNC   0150
....................       lcd_send_byte(0,LCD_INIT_STRING[i]); 
013E:  CLRF   03
0140:  MOVF   06,W
0142:  RCALL  0004
0144:  MOVWF  07
0146:  CLRF   14
0148:  MOVWF  15
014A:  RCALL  00BE
....................  
....................   #if defined(LCD_EXTENDED_NEWLINE) 
014C:  INCF   06,F
014E:  BRA    0138
....................    g_LcdX = 0; 
....................    g_LcdY = 0; 
....................   #endif 
.................... } 
0150:  GOTO   02B4 (RETURN)
....................  
.................... void lcd_gotoxy(unsigned int8 x, unsigned int8 y) 
.................... { 
....................    unsigned int8 address; 
....................     
....................    if(y!=1) 
0154:  DECFSZ 11,W
0156:  BRA    015A
0158:  BRA    0160
....................       address=LCD_LINE_TWO; 
015A:  MOVLW  40
015C:  MOVWF  12
....................    else 
015E:  BRA    0162
....................       address=0; 
0160:  CLRF   12
....................       
....................    address+=x-1; 
0162:  MOVLW  01
0164:  SUBWF  10,W
0166:  ADDWF  12,F
....................    lcd_send_byte(0,0x80|address); 
0168:  MOVF   12,W
016A:  IORLW  80
016C:  MOVWF  13
016E:  CLRF   14
0170:  MOVWF  15
0172:  RCALL  00BE
....................  
....................   #if defined(LCD_EXTENDED_NEWLINE) 
....................    g_LcdX = x - 1; 
....................    g_LcdY = y - 1; 
....................   #endif 
.................... } 
0174:  RETURN 0
....................  
.................... void lcd_putc(char c) 
.................... { 
....................    switch (c) 
....................    { 
0176:  MOVF   0F,W
0178:  XORLW  07
017A:  BZ    018A
017C:  XORLW  0B
017E:  BZ    0194
0180:  XORLW  06
0182:  BZ    01A4
0184:  XORLW  02
0186:  BZ    01B0
0188:  BRA    01BA
....................       case '\a'   :  lcd_gotoxy(1,1);     break; 
018A:  MOVLW  01
018C:  MOVWF  10
018E:  MOVWF  11
0190:  RCALL  0154
0192:  BRA    01C4
....................  
....................       case '\f'   :  lcd_send_byte(0,1); 
0194:  CLRF   14
0196:  MOVLW  01
0198:  MOVWF  15
019A:  RCALL  00BE
....................                      delay_ms(2); 
019C:  MOVLW  02
019E:  MOVWF  10
01A0:  RCALL  0024
....................                     #if defined(LCD_EXTENDED_NEWLINE) 
....................                      g_LcdX = 0; 
....................                      g_LcdY = 0; 
....................                     #endif 
....................                      break; 
01A2:  BRA    01C4
....................  
....................      #if defined(LCD_EXTENDED_NEWLINE) 
....................       case '\r'   :  lcd_gotoxy(1, g_LcdY+1);   break; 
....................       case '\n'   : 
....................          while (g_LcdX++ < LCD_LINE_LENGTH) 
....................          { 
....................             lcd_send_byte(1, ' '); 
....................          } 
....................          lcd_gotoxy(1, g_LcdY+2); 
....................          break; 
....................      #else 
....................       case '\n'   : lcd_gotoxy(1,2);        break; 
01A4:  MOVLW  01
01A6:  MOVWF  10
01A8:  MOVLW  02
01AA:  MOVWF  11
01AC:  RCALL  0154
01AE:  BRA    01C4
....................      #endif 
....................       
....................       case '\b'   : lcd_send_byte(0,0x10);  break; 
01B0:  CLRF   14
01B2:  MOVLW  10
01B4:  MOVWF  15
01B6:  RCALL  00BE
01B8:  BRA    01C4
....................       
....................      #if defined(LCD_EXTENDED_NEWLINE) 
....................       default     :  
....................          if (g_LcdX < LCD_LINE_LENGTH) 
....................          { 
....................             lcd_send_byte(1, c); 
....................             g_LcdX++; 
....................          } 
....................          break; 
....................      #else 
....................       default     : lcd_send_byte(1,c);     break; 
01BA:  MOVLW  01
01BC:  MOVWF  14
01BE:  MOVFF  0F,15
01C2:  RCALL  00BE
....................      #endif 
....................    } 
.................... } 
01C4:  RETURN 0
....................   
.................... char lcd_getc(unsigned int8 x, unsigned int8 y) 
.................... { 
....................    char value; 
....................  
....................    lcd_gotoxy(x,y); 
....................    while ( bit_test(lcd_read_byte(),7) ); // wait until busy flag is low 
....................    lcd_output_rs(1); 
....................    value = lcd_read_byte(); 
....................    lcd_output_rs(0); 
....................     
....................    return(value); 
.................... } 
....................  
.................... // write a custom character to the ram 
.................... // which is 0-7 and specifies which character array we are modifying. 
.................... // ptr points to an array of 8 bytes, where each byte is the next row of 
.................... //    pixels.  only bits 0-4 are used.  the last row is the cursor row, and 
.................... //    usually you will want to leave this byte 0x00. 
.................... void lcd_set_cgram_char(unsigned int8 which, unsigned int8 *ptr) 
.................... { 
....................    unsigned int i; 
....................  
....................    which <<= 3; 
....................    which &= 0x38; 
....................  
....................    lcd_send_byte(0, 0x40 | which);  //set cgram address 
....................  
....................    for(i=0; i<8; i++) 
....................    { 
....................       lcd_send_byte(1, *ptr++); 
....................    } 
....................    
....................    #if defined(LCD_EXTENDED_NEWLINE) 
....................     lcd_gotoxy(g_LcdX+1, g_LcdY+1);  //set ddram address 
....................    #endif 
.................... } 
....................  
.................... void lcd_cursor_on(int1 on) 
.................... { 
....................    if (on) 
....................    { 
....................       lcd_send_byte(0,0x0F);           //turn LCD cursor ON 
....................    } 
....................    else 
....................    { 
....................       lcd_send_byte(0,0x0C);           //turn LCD cursor OFF 
....................    } 
.................... } 
....................  
.................... #endif 
....................  
....................  
.................... #define analogChannel   0  // Pin analógico del potenciómetro. 
....................  
.................... int16 duty = 0;                 // Variable para guardar el ciclo de trabajo 
....................  
.................... void main() 
.................... { 
*
029A:  CLRF   FF8
029C:  BCF    FD0.7
029E:  CLRF   FEA
02A0:  CLRF   FE9
02A2:  CLRF   05
02A4:  CLRF   04
02A6:  MOVF   FC1,W
02A8:  ANDLW  C0
02AA:  IORLW  0F
02AC:  MOVWF  FC1
02AE:  MOVLW  07
02B0:  MOVWF  FB4
.................... lcd_init(); 
02B2:  BRA    00F8
....................    setup_ccp1(CCP_PWM); 
02B4:  BCF    F94.2
02B6:  BCF    F8B.2
02B8:  MOVLW  0C
02BA:  MOVWF  FBD
....................    setup_timer_2(T2_DIV_BY_4, 255, 1); 
02BC:  MOVLW  00
02BE:  IORLW  05
02C0:  MOVWF  FCA
02C2:  MOVLW  FF
02C4:  MOVWF  FCB
....................     
....................    while(true) 
....................    { 
....................       duty = duty + 2; 
02C6:  MOVLW  02
02C8:  ADDWF  04,F
02CA:  MOVLW  00
02CC:  ADDWFC 05,F
....................       printf(lcd_putc,"\f\nDUTY: %Lu", duty); 
02CE:  MOVLW  18
02D0:  MOVWF  FF6
02D2:  MOVLW  00
02D4:  MOVWF  FF7
02D6:  MOVLW  08
02D8:  MOVWF  06
02DA:  BRA    01C6
02DC:  MOVLW  10
02DE:  MOVWF  FE9
02E0:  MOVFF  05,07
02E4:  MOVFF  04,06
02E8:  BRA    01E6
....................       set_pwm1_duty(duty); 
02EA:  MOVFF  05,02
02EE:  MOVFF  04,01
02F2:  RRCF   02,F
02F4:  RRCF   01,F
02F6:  RRCF   02,F
02F8:  RRCF   01,F
02FA:  RRCF   02,F
02FC:  MOVFF  01,FBE
0300:  RRCF   02,F
0302:  RRCF   02,W
0304:  ANDLW  30
0306:  MOVWF  00
0308:  MOVF   FBD,W
030A:  ANDLW  CF
030C:  IORWF  00,W
030E:  MOVWF  FBD
....................       delay_ms(300); 
0310:  MOVLW  02
0312:  MOVWF  06
0314:  MOVLW  96
0316:  MOVWF  10
0318:  RCALL  0024
031A:  DECFSZ 06,F
031C:  BRA    0314
....................        
....................       if (duty > 255) duty=0; 
031E:  MOVF   05,W
0320:  SUBLW  00
0322:  BC    0328
0324:  CLRF   05
0326:  CLRF   04
....................    } 
0328:  BRA    02C6
.................... } 
....................  
032A:  SLEEP 

Configuration Fuses:
   Word  1: CE21   PLL2 CPUDIV1 USBDIV HSPLL FCMEN IESO
   Word  2: 1E3E   PUT BROWNOUT BORV21 VREGEN NOWDT WDT32768
   Word  3: 8500   CCP2C1 NOPBADEN LPT1OSC MCLR
   Word  4: 0081   STVREN NOLVP NOXINST NODEBUG
   Word  5: C00F   NOPROTECT NOCPB NOCPD
   Word  6: E00F   NOWRT NOWRTC NOWRTB NOWRTD
   Word  7: 400F   NOEBTR NOEBTRB
