
ROM used:   1132 (3%)
            1136 (3%) including unused fragments

            2 Average locations per line
            42 Average locations per statement

RAM used:   30 (1%) at main() level
            45 (2%) worst case

Stack used: 2/31 worst case (0 in main + 2 for interrupts)

Lines Stmts  %   Files
----- ----- ---  -----
   24    10  37  ADC_PWM_CDC.c
  107    17  63  C:\Program Files\PICC\drivers\G-PiC Lite!.c
  464     0   0  C:\Program Files\PICC\devices\18F4550.h
  132     0   0  C:\Program Files\PICC\drivers\usb\usb_bootloader.h
----- -----
  727    27 Total

Page ROM  %  RAM   Vol Diff  Functions:
---- --- --- ---   --- ----  ----------
0     40   2   1             @delay_ms1
0     56   2   2             @ITOF
0    244  11  11             @MULFF
0    348  15  14             @DIVFF
0     80   4   3   165  2.2  analogRead
0    162   7   4   149  2.6  interrupt_ext0
0     32   1   0    54  1.5  MAIN
 Inline        0             @cinit1

Program metrics:
    Functions               3
    Statements              27
    Comments                170
    Volume (V)              504
    Difficulty (D)          5.8
    Effort to implement (E) 2931
    Time to implement (T)   3 minutes
    Est Delivered Bugs (B)  0
    Cyclomatic Complexity   1
    Maintainability (MI)    69

 Segment     Used  Free
-----------  ----  ----
00000-01FFE     0  8192  
02000-02006     4  4  
02008-020AC   166  0  
020AE-07FFE   962  23440  



