CCS PCM C Compiler, Version 4.140, 38880               30-abr-13 18:04

               Filename:   D:\Electronica\CCS\ADC 16F88\main.lst

               ROM used:   496 words (12%)
                           Largest free fragment is 2048
               RAM used:   6 (2%) at main() level
                           22 (6%) worst case
               Stack:     5 locations

*
0000:  MOVLW  01
0001:  MOVWF  0A
0002:  GOTO   1AB
0003:  NOP
.................... #include <16F88.h> 
.................... //////// Standard Header file for the PIC16F88 device //////////////// 
.................... #device PIC16F88 
.................... #list 
....................  
.................... #fuses INTRC, NOWDT, NOLVP, NOCPD, NOWRT, NODEBUG, NOPROTECT, NOFCMEN, NOIESO, NOMCLR, NOBROWNOUT, CCPB3 
.................... #use delay(clock=4000000)  
*
0012:  MOVLW  29
0013:  MOVWF  04
0014:  BCF    03.7
0015:  MOVF   00,W
0016:  BTFSC  03.2
0017:  GOTO   026
0018:  MOVLW  01
0019:  MOVWF  78
001A:  CLRF   77
001B:  DECFSZ 77,F
001C:  GOTO   01B
001D:  DECFSZ 78,F
001E:  GOTO   01A
001F:  MOVLW  4A
0020:  MOVWF  77
0021:  DECFSZ 77,F
0022:  GOTO   021
0023:  GOTO   024
0024:  DECFSZ 00,F
0025:  GOTO   018
0026:  RETURN
.................... #include <lcd.c> 
.................... /////////////////////////////////////////////////////////////////////////////// 
.................... ////                             LCD.C                                     //// 
.................... ////                 Driver for common LCD modules                         //// 
.................... ////                                                                       //// 
.................... ////  lcd_init()   Must be called before any other function.               //// 
.................... ////                                                                       //// 
.................... ////  lcd_putc(c)  Will display c on the next position of the LCD.         //// 
.................... ////                 \a  Set cursor position to upper left                 //// 
.................... ////                 \f  Clear display, set cursor to upper left           //// 
.................... ////                 \n  Go to start of second line                        //// 
.................... ////                 \b  Move back one position                            //// 
.................... ////              If LCD_EXTENDED_NEWLINE is defined, the \n character     //// 
.................... ////              will erase all remanining characters on the current      //// 
.................... ////              line, and move the cursor to the beginning of the next   //// 
.................... ////              line.                                                    //// 
.................... ////              If LCD_EXTENDED_NEWLINE is defined, the \r character     //// 
.................... ////              will move the cursor to the start of the current         //// 
.................... ////              line.                                                    //// 
.................... ////                                                                       //// 
.................... ////  lcd_gotoxy(x,y) Set write position on LCD (upper left is 1,1)        //// 
.................... ////                                                                       //// 
.................... ////  lcd_getc(x,y)   Returns character at position x,y on LCD             //// 
.................... ////                                                                       //// 
.................... ////  lcd_cursor_on(int1 on)   Turn the cursor on (on=TRUE) or off         //// 
.................... ////              (on=FALSE).                                              //// 
.................... ////                                                                       //// 
.................... ////  lcd_set_cgram_char(w, *p)   Write a custom character to the CGRAM.   //// 
.................... ////                                                                       //// 
.................... ////                                                                       //// 
.................... ////  CONFIGURATION                                                        //// 
.................... ////  The LCD can be configured in one of two ways: a.) port access or     //// 
.................... ////  b.) pin access.  Port access requires the entire 7 bit interface     //// 
.................... ////  connected to one GPIO port, and the data bits (D4:D7 of the LCD)     //// 
.................... ////  connected to sequential pins on the GPIO.  Pin access                //// 
.................... ////  has no requirements, all 7 bits of the control interface can         //// 
.................... ////  can be connected to any GPIO using several ports.                    //// 
.................... ////                                                                       //// 
.................... ////  To use port access, #define LCD_DATA_PORT to the SFR location of     //// 
.................... ////  of the GPIO port that holds the interface, -AND- edit LCD_PIN_MAP    //// 
.................... ////  of this file to configure the pin order.  If you are using a         //// 
.................... ////  baseline PIC (PCB), then LCD_OUTPUT_MAP and LCD_INPUT_MAP also must  //// 
.................... ////  be defined.                                                          //// 
.................... ////                                                                       //// 
.................... ////  Example of port access:                                              //// 
.................... ////     #define LCD_DATA_PORT getenv("SFR:PORTD")                         //// 
.................... ////                                                                       //// 
.................... ////  To use pin access, the following pins must be defined:               //// 
.................... ////     LCD_ENABLE_PIN                                                    //// 
.................... ////     LCD_RS_PIN                                                        //// 
.................... ////     LCD_RW_PIN                                                        //// 
.................... ////     LCD_DATA4                                                         //// 
.................... ////     LCD_DATA5                                                         //// 
.................... ////     LCD_DATA6                                                         //// 
.................... ////     LCD_DATA7                                                         //// 
.................... ////                                                                       //// 
.................... ////  Example of pin access:                                               //// 
.................... ////     #define LCD_ENABLE_PIN  PIN_E0                                    //// 
.................... ////     #define LCD_RS_PIN      PIN_E1                                    //// 
.................... ////     #define LCD_RW_PIN      PIN_E2                                    //// 
.................... ////     #define LCD_DATA4       PIN_D4                                    //// 
.................... ////     #define LCD_DATA5       PIN_D5                                    //// 
.................... ////     #define LCD_DATA6       PIN_D6                                    //// 
.................... ////     #define LCD_DATA7       PIN_D7                                    //// 
.................... ////                                                                       //// 
.................... /////////////////////////////////////////////////////////////////////////////// 
.................... ////        (C) Copyright 1996,2010 Custom Computer Services           //// 
.................... //// This source code may only be used by licensed users of the CCS C  //// 
.................... //// compiler.  This source code may only be distributed to other      //// 
.................... //// licensed users of the CCS C compiler.  No other use, reproduction //// 
.................... //// or distribution is permitted without written permission.          //// 
.................... //// Derivative programs created using this software in object code    //// 
.................... //// form are not restricted in any way.                               //// 
.................... /////////////////////////////////////////////////////////////////////////// 
....................  
.................... #ifndef __LCD_C__ 
.................... #define __LCD_C__ 
....................  
.................... // define the pinout. 
.................... // only required if port access is being used. 
.................... typedef struct   
.................... {                            // This structure is overlayed 
....................    int1 enable;           // on to an I/O port to gain 
....................    int1 rs;               // access to the LCD pins. 
....................    int1 rw;               // The bits are allocated from 
....................    int1 unused;           // low order up.  ENABLE will 
....................    unsigned int     data : 4;         // be LSB pin of that port. 
....................   #if defined(__PCD__)       // The port used will be LCD_DATA_PORT. 
....................    unsigned int    reserved: 8; 
....................   #endif 
.................... } LCD_PIN_MAP; 
....................  
.................... // this is to improve compatability with previous LCD drivers that accepted 
.................... // a define labeled 'use_portb_lcd' that configured the LCD onto port B. 
.................... #if ((defined(use_portb_lcd)) && (use_portb_lcd==TRUE)) 
....................  #define LCD_DATA_PORT getenv("SFR:PORTB") 
.................... #endif 
....................  
.................... #if defined(__PCB__) 
....................    // these definitions only need to be modified for baseline PICs. 
....................    // all other PICs use LCD_PIN_MAP or individual LCD_xxx pin definitions. 
.................... /*                                    EN, RS,   RW,   UNUSED,  DATA  */ 
....................  const LCD_PIN_MAP LCD_OUTPUT_MAP =  {0,  0,    0,    0,       0}; 
....................  const LCD_PIN_MAP LCD_INPUT_MAP =   {0,  0,    0,    0,       0xF}; 
.................... #endif 
....................  
.................... ////////////////////// END CONFIGURATION /////////////////////////////////// 
....................  
.................... #ifndef LCD_ENABLE_PIN 
....................    #define lcd_output_enable(x) lcdlat.enable=x 
....................    #define lcd_enable_tris()   lcdtris.enable=0 
.................... #else 
....................    #define lcd_output_enable(x) output_bit(LCD_ENABLE_PIN, x) 
....................    #define lcd_enable_tris()  output_drive(LCD_ENABLE_PIN) 
.................... #endif 
....................  
.................... #ifndef LCD_RS_PIN 
....................    #define lcd_output_rs(x) lcdlat.rs=x 
....................    #define lcd_rs_tris()   lcdtris.rs=0 
.................... #else 
....................    #define lcd_output_rs(x) output_bit(LCD_RS_PIN, x) 
....................    #define lcd_rs_tris()  output_drive(LCD_RS_PIN) 
.................... #endif 
....................  
.................... #ifndef LCD_RW_PIN 
....................    #define lcd_output_rw(x) lcdlat.rw=x 
....................    #define lcd_rw_tris()   lcdtris.rw=0 
.................... #else 
....................    #define lcd_output_rw(x) output_bit(LCD_RW_PIN, x) 
....................    #define lcd_rw_tris()  output_drive(LCD_RW_PIN) 
.................... #endif 
....................  
.................... // original version of this library incorrectly labeled LCD_DATA0 as LCD_DATA4, 
.................... // LCD_DATA1 as LCD_DATA5, and so on.  this block of code makes the driver 
.................... // compatible with any code written for the original library 
.................... #if (defined(LCD_DATA0) && defined(LCD_DATA1) && defined(LCD_DATA2) && defined(LCD_DATA3) && !defined(LCD_DATA4) && !defined(LCD_DATA5) && !defined(LCD_DATA6) && !defined(LCD_DATA7)) 
....................    #define  LCD_DATA4    LCD_DATA0 
....................    #define  LCD_DATA5    LCD_DATA1 
....................    #define  LCD_DATA6    LCD_DATA2 
....................    #define  LCD_DATA7    LCD_DATA3 
.................... #endif 
....................  
.................... #ifndef LCD_DATA4 
.................... #ifndef LCD_DATA_PORT 
....................    #if defined(__PCB__) 
....................       #define LCD_DATA_PORT      0x06     //portb 
....................       #define set_tris_lcd(x)   set_tris_b(x) 
....................    #else 
....................      #if defined(PIN_D0) 
....................       #define LCD_DATA_PORT      getenv("SFR:PORTD")     //portd 
....................      #else 
....................       #define LCD_DATA_PORT      getenv("SFR:PORTB")     //portb 
....................      #endif 
....................    #endif    
.................... #endif 
....................  
.................... #if defined(__PCB__) 
....................    LCD_PIN_MAP lcd, lcdlat; 
....................    #byte lcd = LCD_DATA_PORT 
....................    #byte lcdlat = LCD_DATA_PORT 
.................... #elif defined(__PCM__) 
....................    LCD_PIN_MAP lcd, lcdlat, lcdtris; 
....................    #byte lcd = LCD_DATA_PORT 
....................    #byte lcdlat = LCD_DATA_PORT 
....................    #byte lcdtris = LCD_DATA_PORT+0x80 
.................... #elif defined(__PCH__) 
....................    LCD_PIN_MAP lcd, lcdlat, lcdtris; 
....................    #byte lcd = LCD_DATA_PORT 
....................    #byte lcdlat = LCD_DATA_PORT+9 
....................    #byte lcdtris = LCD_DATA_PORT+0x12 
.................... #elif defined(__PCD__) 
....................    LCD_PIN_MAP lcd, lcdlat, lcdtris; 
....................    #word lcd = LCD_DATA_PORT 
....................    #word lcdlat = LCD_DATA_PORT+2 
....................    #word lcdtris = LCD_DATA_PORT-0x02 
.................... #endif 
.................... #endif   //LCD_DATA4 not defined 
....................  
.................... #ifndef LCD_TYPE 
....................    #define LCD_TYPE 2           // 0=5x7, 1=5x10, 2=2 lines 
.................... #endif 
....................  
.................... #ifndef LCD_LINE_TWO 
....................    #define LCD_LINE_TWO 0x40    // LCD RAM address for the second line 
.................... #endif 
....................  
.................... #ifndef LCD_LINE_LENGTH 
....................    #define LCD_LINE_LENGTH 20 
.................... #endif 
....................  
.................... unsigned int8 const LCD_INIT_STRING[4] = {0x20 | (LCD_TYPE << 2), 0xc, 1, 6}; 
....................                              // These bytes need to be sent to the LCD 
....................                              // to start it up. 
....................  
.................... unsigned int8 lcd_read_nibble(void); 
....................  
.................... unsigned int8 lcd_read_byte(void) 
.................... { 
....................    unsigned int8 low,high; 
....................  
....................  #if defined(__PCB__) 
....................    set_tris_lcd(LCD_INPUT_MAP); 
....................  #else 
....................   #if (defined(LCD_DATA4) && defined(LCD_DATA5) && defined(LCD_DATA6) && defined(LCD_DATA7)) 
....................    output_float(LCD_DATA4); 
....................    output_float(LCD_DATA5); 
....................    output_float(LCD_DATA6); 
....................    output_float(LCD_DATA7); 
....................   #else 
....................    lcdtris.data = 0xF; 
*
003F:  MOVLW  0F
0040:  BSF    03.5
0041:  ANDWF  06,W
0042:  IORLW  F0
0043:  MOVWF  06
....................   #endif 
....................  #endif 
....................          
....................    lcd_output_rw(1); 
0044:  BCF    03.5
0045:  BSF    06.2
....................    delay_cycles(1); 
0046:  NOP
....................    lcd_output_enable(1); 
0047:  BSF    06.0
....................    delay_cycles(1); 
0048:  NOP
....................    high = lcd_read_nibble(); 
0049:  CALL   033
004A:  MOVF   78,W
004B:  MOVWF  30
....................        
....................    lcd_output_enable(0); 
004C:  BCF    06.0
....................    delay_cycles(1); 
004D:  NOP
....................    lcd_output_enable(1); 
004E:  BSF    06.0
....................    delay_us(1); 
004F:  NOP
....................    low = lcd_read_nibble(); 
0050:  CALL   033
0051:  MOVF   78,W
0052:  MOVWF  2F
....................        
....................    lcd_output_enable(0); 
0053:  BCF    06.0
....................  
....................  #if defined(__PCB__) 
....................    set_tris_lcd(LCD_OUTPUT_MAP); 
....................  #else 
....................   #if (defined(LCD_DATA4) && defined(LCD_DATA5) && defined(LCD_DATA6) && defined(LCD_DATA7)) 
....................    output_drive(LCD_DATA4); 
....................    output_drive(LCD_DATA5); 
....................    output_drive(LCD_DATA6); 
....................    output_drive(LCD_DATA7); 
....................   #else 
....................    lcdtris.data = 0x0; 
0054:  MOVLW  0F
0055:  BSF    03.5
0056:  ANDWF  06,W
0057:  MOVWF  06
....................   #endif 
....................  #endif 
....................  
....................    return( (high<<4) | low); 
0058:  BCF    03.5
0059:  SWAPF  30,W
005A:  MOVWF  77
005B:  MOVLW  F0
005C:  ANDWF  77,F
005D:  MOVF   77,W
005E:  IORWF  2F,W
005F:  MOVWF  78
.................... } 
....................  
.................... unsigned int8 lcd_read_nibble(void) 
.................... { 
....................   #if (defined(LCD_DATA4) && defined(LCD_DATA5) && defined(LCD_DATA6) && defined(LCD_DATA7)) 
....................    unsigned int8 n = 0x00; 
....................  
....................    /* Read the data port */ 
....................    n |= input(LCD_DATA4); 
....................    n |= input(LCD_DATA5) << 1; 
....................    n |= input(LCD_DATA6) << 2; 
....................    n |= input(LCD_DATA7) << 3; 
....................     
....................    return(n); 
....................   #else 
....................    return(lcd.data); 
*
0033:  MOVF   06,W
0034:  MOVWF  77
0035:  SWAPF  06,W
0036:  ANDLW  0F
0037:  MOVWF  78
....................   #endif 
.................... } 
0038:  RETURN
....................  
.................... void lcd_send_nibble(unsigned int8 n) 
.................... { 
....................   #if (defined(LCD_DATA4) && defined(LCD_DATA5) && defined(LCD_DATA6) && defined(LCD_DATA7)) 
....................    /* Write to the data port */ 
....................    output_bit(LCD_DATA4, bit_test(n, 0)); 
....................    output_bit(LCD_DATA5, bit_test(n, 1)); 
....................    output_bit(LCD_DATA6, bit_test(n, 2)); 
....................    output_bit(LCD_DATA7, bit_test(n, 3)); 
....................   #else       
....................    lcdlat.data = n; 
*
0027:  SWAPF  30,W
0028:  ANDLW  F0
0029:  MOVWF  77
002A:  MOVLW  0F
002B:  ANDWF  06,W
002C:  IORWF  77,W
002D:  MOVWF  06
....................   #endif 
....................        
....................    delay_cycles(1); 
002E:  NOP
....................    lcd_output_enable(1); 
002F:  BSF    06.0
....................    delay_us(2); 
0030:  GOTO   031
....................    lcd_output_enable(0); 
0031:  BCF    06.0
.................... } 
0032:  RETURN
....................  
.................... void lcd_send_byte(unsigned int8 address, unsigned int8 n) 
.................... { 
....................   #if defined(__PCB__) 
....................    set_tris_lcd(LCD_OUTPUT_MAP); 
....................   #else 
....................    lcd_enable_tris(); 
*
0039:  BSF    03.5
003A:  BCF    06.0
....................    lcd_rs_tris(); 
003B:  BCF    06.1
....................    lcd_rw_tris(); 
003C:  BCF    06.2
....................   #endif 
....................  
....................    lcd_output_rs(0); 
003D:  BCF    03.5
003E:  BCF    06.1
....................    while ( bit_test(lcd_read_byte(),7) ) ; 
*
0060:  MOVF   78,W
0061:  MOVWF  2F
0062:  BTFSC  2F.7
0063:  GOTO   03F
....................    lcd_output_rs(address); 
0064:  BTFSS  2D.0
0065:  BCF    06.1
0066:  BTFSC  2D.0
0067:  BSF    06.1
....................    delay_cycles(1); 
0068:  NOP
....................    lcd_output_rw(0); 
0069:  BCF    06.2
....................    delay_cycles(1); 
006A:  NOP
....................    lcd_output_enable(0); 
006B:  BCF    06.0
....................    lcd_send_nibble(n >> 4); 
006C:  SWAPF  2E,W
006D:  MOVWF  2F
006E:  MOVLW  0F
006F:  ANDWF  2F,F
0070:  MOVF   2F,W
0071:  MOVWF  30
0072:  CALL   027
....................    lcd_send_nibble(n & 0xf); 
0073:  MOVF   2E,W
0074:  ANDLW  0F
0075:  MOVWF  2F
0076:  MOVWF  30
0077:  CALL   027
.................... } 
0078:  RETURN
....................  
.................... #if defined(LCD_EXTENDED_NEWLINE) 
.................... unsigned int8 g_LcdX, g_LcdY; 
.................... #endif 
....................  
.................... void lcd_init(void)  
.................... { 
....................    unsigned int8 i; 
....................  
....................  #if defined(__PCB__) 
....................    set_tris_lcd(LCD_OUTPUT_MAP); 
....................  #else 
....................   #if (defined(LCD_DATA4) && defined(LCD_DATA5) && defined(LCD_DATA6) && defined(LCD_DATA7)) 
....................    output_drive(LCD_DATA4); 
....................    output_drive(LCD_DATA5); 
....................    output_drive(LCD_DATA6); 
....................    output_drive(LCD_DATA7); 
....................   #else 
....................    lcdtris.data = 0x0; 
0079:  MOVLW  0F
007A:  BSF    03.5
007B:  ANDWF  06,W
007C:  MOVWF  06
....................   #endif 
....................    lcd_enable_tris(); 
007D:  BCF    06.0
....................    lcd_rs_tris(); 
007E:  BCF    06.1
....................    lcd_rw_tris(); 
007F:  BCF    06.2
....................  #endif 
....................  
....................    lcd_output_rs(0); 
0080:  BCF    03.5
0081:  BCF    06.1
....................    lcd_output_rw(0); 
0082:  BCF    06.2
....................    lcd_output_enable(0); 
0083:  BCF    06.0
....................      
....................    delay_ms(15); 
0084:  MOVLW  0F
0085:  MOVWF  29
0086:  CALL   012
....................    for(i=1;i<=3;++i) 
0087:  MOVLW  01
0088:  MOVWF  21
0089:  MOVF   21,W
008A:  SUBLW  03
008B:  BTFSS  03.0
008C:  GOTO   095
....................    { 
....................        lcd_send_nibble(3); 
008D:  MOVLW  03
008E:  MOVWF  30
008F:  CALL   027
....................        delay_ms(5); 
0090:  MOVLW  05
0091:  MOVWF  29
0092:  CALL   012
....................    } 
0093:  INCF   21,F
0094:  GOTO   089
....................     
....................    lcd_send_nibble(2); 
0095:  MOVLW  02
0096:  MOVWF  30
0097:  CALL   027
....................    delay_ms(5); 
0098:  MOVLW  05
0099:  MOVWF  29
009A:  CALL   012
....................    for(i=0;i<=3;++i) 
009B:  CLRF   21
009C:  MOVF   21,W
009D:  SUBLW  03
009E:  BTFSS  03.0
009F:  GOTO   0A9
....................       lcd_send_byte(0,LCD_INIT_STRING[i]); 
00A0:  MOVF   21,W
00A1:  CALL   004
00A2:  MOVWF  22
00A3:  CLRF   2D
00A4:  MOVF   22,W
00A5:  MOVWF  2E
00A6:  CALL   039
....................  
....................   #if defined(LCD_EXTENDED_NEWLINE) 
00A7:  INCF   21,F
00A8:  GOTO   09C
....................    g_LcdX = 0; 
....................    g_LcdY = 0; 
....................   #endif 
.................... } 
00A9:  BCF    0A.3
00AA:  GOTO   1BC (RETURN)
....................  
.................... void lcd_gotoxy(unsigned int8 x, unsigned int8 y) 
.................... { 
....................    unsigned int8 address; 
....................     
....................    if(y!=1) 
00AB:  DECFSZ 2A,W
00AC:  GOTO   0AE
00AD:  GOTO   0B1
....................       address=LCD_LINE_TWO; 
00AE:  MOVLW  40
00AF:  MOVWF  2B
....................    else 
00B0:  GOTO   0B2
....................       address=0; 
00B1:  CLRF   2B
....................       
....................    address+=x-1; 
00B2:  MOVLW  01
00B3:  SUBWF  29,W
00B4:  ADDWF  2B,F
....................    lcd_send_byte(0,0x80|address); 
00B5:  MOVF   2B,W
00B6:  IORLW  80
00B7:  MOVWF  2C
00B8:  CLRF   2D
00B9:  MOVF   2C,W
00BA:  MOVWF  2E
00BB:  CALL   039
....................  
....................   #if defined(LCD_EXTENDED_NEWLINE) 
....................    g_LcdX = x - 1; 
....................    g_LcdY = y - 1; 
....................   #endif 
.................... } 
00BC:  RETURN
....................  
.................... void lcd_putc(char c) 
.................... { 
....................    switch (c) 
....................    { 
00BD:  MOVF   28,W
00BE:  XORLW  07
00BF:  BTFSC  03.2
00C0:  GOTO   0CB
00C1:  XORLW  0B
00C2:  BTFSC  03.2
00C3:  GOTO   0D0
00C4:  XORLW  06
00C5:  BTFSC  03.2
00C6:  GOTO   0D8
00C7:  XORLW  02
00C8:  BTFSC  03.2
00C9:  GOTO   0DE
00CA:  GOTO   0E3
....................       case '\a'   :  lcd_gotoxy(1,1);     break; 
00CB:  MOVLW  01
00CC:  MOVWF  29
00CD:  MOVWF  2A
00CE:  CALL   0AB
00CF:  GOTO   0E8
....................  
....................       case '\f'   :  lcd_send_byte(0,1); 
00D0:  CLRF   2D
00D1:  MOVLW  01
00D2:  MOVWF  2E
00D3:  CALL   039
....................                      delay_ms(2); 
00D4:  MOVLW  02
00D5:  MOVWF  29
00D6:  CALL   012
....................                     #if defined(LCD_EXTENDED_NEWLINE) 
....................                      g_LcdX = 0; 
....................                      g_LcdY = 0; 
....................                     #endif 
....................                      break; 
00D7:  GOTO   0E8
....................  
....................      #if defined(LCD_EXTENDED_NEWLINE) 
....................       case '\r'   :  lcd_gotoxy(1, g_LcdY+1);   break; 
....................       case '\n'   : 
....................          while (g_LcdX++ < LCD_LINE_LENGTH) 
....................          { 
....................             lcd_send_byte(1, ' '); 
....................          } 
....................          lcd_gotoxy(1, g_LcdY+2); 
....................          break; 
....................      #else 
....................       case '\n'   : lcd_gotoxy(1,2);        break; 
00D8:  MOVLW  01
00D9:  MOVWF  29
00DA:  MOVLW  02
00DB:  MOVWF  2A
00DC:  CALL   0AB
00DD:  GOTO   0E8
....................      #endif 
....................       
....................       case '\b'   : lcd_send_byte(0,0x10);  break; 
00DE:  CLRF   2D
00DF:  MOVLW  10
00E0:  MOVWF  2E
00E1:  CALL   039
00E2:  GOTO   0E8
....................       
....................      #if defined(LCD_EXTENDED_NEWLINE) 
....................       default     :  
....................          if (g_LcdX < LCD_LINE_LENGTH) 
....................          { 
....................             lcd_send_byte(1, c); 
....................             g_LcdX++; 
....................          } 
....................          break; 
....................      #else 
....................       default     : lcd_send_byte(1,c);     break; 
00E3:  MOVLW  01
00E4:  MOVWF  2D
00E5:  MOVF   28,W
00E6:  MOVWF  2E
00E7:  CALL   039
....................      #endif 
....................    } 
.................... } 
00E8:  RETURN
....................   
.................... char lcd_getc(unsigned int8 x, unsigned int8 y) 
.................... { 
....................    char value; 
....................  
....................    lcd_gotoxy(x,y); 
....................    while ( bit_test(lcd_read_byte(),7) ); // wait until busy flag is low 
....................    lcd_output_rs(1); 
....................    value = lcd_read_byte(); 
....................    lcd_output_rs(0); 
....................     
....................    return(value); 
.................... } 
....................  
.................... // write a custom character to the ram 
.................... // which is 0-7 and specifies which character array we are modifying. 
.................... // ptr points to an array of 8 bytes, where each byte is the next row of 
.................... //    pixels.  only bits 0-4 are used.  the last row is the cursor row, and 
.................... //    usually you will want to leave this byte 0x00. 
.................... void lcd_set_cgram_char(unsigned int8 which, unsigned int8 *ptr) 
.................... { 
....................    unsigned int i; 
....................  
....................    which <<= 3; 
....................    which &= 0x38; 
....................  
....................    lcd_send_byte(0, 0x40 | which);  //set cgram address 
....................  
....................    for(i=0; i<8; i++) 
....................    { 
....................       lcd_send_byte(1, *ptr++); 
....................    } 
....................    
....................    #if defined(LCD_EXTENDED_NEWLINE) 
....................     lcd_gotoxy(g_LcdX+1, g_LcdY+1);  //set ddram address 
....................    #endif 
.................... } 
....................  
.................... void lcd_cursor_on(int1 on) 
.................... { 
....................    if (on) 
....................    { 
....................       lcd_send_byte(0,0x0F);           //turn LCD cursor ON 
....................    } 
....................    else 
....................    { 
....................       lcd_send_byte(0,0x0C);           //turn LCD cursor OFF 
....................    } 
.................... } 
....................  
.................... #endif 
....................  
....................  
.................... void main(){ 
*
01AB:  CLRF   04
01AC:  BCF    03.7
01AD:  MOVLW  1F
01AE:  ANDWF  03,F
01AF:  MOVLW  62
01B0:  BSF    03.5
01B1:  MOVWF  0F
01B2:  MOVF   0F,W
01B3:  BCF    1F.4
01B4:  BCF    1F.5
01B5:  MOVF   1B,W
01B6:  ANDLW  80
01B7:  MOVWF  1B
01B8:  MOVLW  07
01B9:  MOVWF  1C
....................    lcd_init(); 
01BA:  BCF    03.5
01BB:  GOTO   079
....................  
....................    setup_adc(ADC_CLOCK_INTERNAL); 
01BC:  BSF    03.5
01BD:  BCF    1F.6
01BE:  BCF    03.5
01BF:  BSF    1F.6
01C0:  BSF    1F.7
01C1:  BSF    03.5
01C2:  BCF    1F.7
01C3:  BCF    03.5
01C4:  BSF    1F.0
....................    setup_adc_ports(sAN0); 
01C5:  BSF    03.5
01C6:  BCF    1F.4
01C7:  BCF    1F.5
01C8:  MOVF   1B,W
01C9:  ANDLW  80
01CA:  IORLW  01
01CB:  MOVWF  1B
....................    setup_vref(FALSE); 
01CC:  CLRF   1D
....................     
....................    set_adc_channel(0); 
01CD:  MOVLW  00
01CE:  MOVWF  78
01CF:  BCF    03.5
01D0:  MOVF   1F,W
01D1:  ANDLW  C7
01D2:  IORWF  78,W
01D3:  MOVWF  1F
....................    delay_ms (1); 
01D4:  MOVLW  01
01D5:  MOVWF  29
01D6:  CALL   012
....................     
....................    while (true) {    
....................       printf (lcd_putc,"\f\nADC = %i", read_adc()); 
01D7:  BSF    1F.2
01D8:  BTFSC  1F.2
01D9:  GOTO   1D8
01DA:  MOVF   1E,W
01DB:  MOVWF  21
01DC:  MOVLW  0C
01DD:  BSF    03.6
01DE:  MOVWF  0D
01DF:  MOVLW  00
01E0:  MOVWF  0F
01E1:  BCF    03.0
01E2:  MOVLW  08
01E3:  BCF    03.6
01E4:  MOVWF  22
01E5:  GOTO   0E9
01E6:  MOVF   21,W
01E7:  MOVWF  22
01E8:  MOVLW  18
01E9:  MOVWF  23
01EA:  GOTO   153
....................       delay_ms (100); 
01EB:  MOVLW  64
01EC:  MOVWF  29
01ED:  CALL   012
....................    } 
01EE:  GOTO   1D7
.................... } 
01EF:  SLEEP

Configuration Fuses:
   Word  1: 2F11   NOWDT PUT INTRC NOMCLR NOBROWNOUT NOLVP NOCPD NOWRT NODEBUG CCPB3 NOPROTECT
   Word  2: 3FFC   NOFCMEN NOIESO
