
ROM used:   56 (3%)
            56 (3%) including unused fragments

            0 Average locations per line
            9 Average locations per statement

RAM used:   5 (4%) at main() level
            6 (5%) worst case

Stack used: 1/8 worst case (1 in main + 0 for interrupts)

Lines Stmts  %   Files
----- ----- ---  -----
   13     6 100  main.c
  245     0   0  C:\Program Files\PICC\devices\16F870.h
----- -----
  258     6 Total

Page ROM  %  RAM   Vol Diff  Functions:
---- --- --- ---   --- ----  ----------
0     20  36   1             @delay_ms1
0     32  57   1    86  1.6  main
 Inline        0             @cinit1

Program metrics:
    Functions               1
    Statements              6
    Comments                64
    Volume (V)              90
    Difficulty (D)          1.4
    Effort to implement (E) 125
    Time to implement (T)   0 minutes
    Est Delivered Bugs (B)  0
    Cyclomatic Complexity   1
    Maintainability (MI)    110

 Segment     Used  Free
-----------  ----  ----
00000-00003     4  0  
00004-007FF    52  1992  



