
ROM used:   5244 (16%)
            5248 (16%) including unused fragments

            1 Average locations per line
            5 Average locations per statement

RAM used:   438 (21%) at main() level
            488 (24%) worst case

Stack used: 17/31 worst case (8 in main + 9 for interrupts)

Lines Stmts  %   Files
----- ----- ---  -----
   34    14   1  Transmisor_i2c.c
  121    10   1  C:\Program Files\PICC\drivers\G-PiC Lite!.c
  464     0   0  C:\Program Files\PICC\devices\18F4550.h
  132     0   0  C:\Program Files\PICC\drivers\usb\usb_bootloader.h
   97    13   1  C:\Program Files\PICC\drivers\Arduino Functions.c
  338   170  17  C:\Program Files\PICC\drivers\analogWrite.c
  776   138  14  C:\Program Files\PICC\drivers\usb_cdc.h
  224     0   0  C:\Program Files\PICC\drivers\pic18_usb.h
  328     0   0  C:\Program Files\PICC\drivers\usb_hw_layer.h
  297     0   0  C:\Program Files\PICC\drivers\usb_desc_cdc.h
 1100     0   0  C:\Program Files\PICC\drivers\usb.h
  866   238  24  C:\Program Files\PICC\drivers\usb.c
 1370   317  31  C:\Program Files\PICC\drivers\pic18_usb.c
   28   109  11  C:\Program Files\PICC\drivers\ctype.h
----- -----
 6175  1009 Total

Page ROM  %  RAM   Vol Diff  Functions:
---- --- --- ---   --- ----  ----------
0     40   0   1             @delay_ms1
0     40   0   3             @DIV88
0    266   3   0  1663  3.8  Timer3_Interrupt
0    108   1   1             @I2C_WRITE_1
0     32   0   0             @const291
0     32   0   0             @const294
0     48   0   0             @const297
0     48   0   0             @const300
0     84   1   0             @const303
0     18   0   0             @const306
0     24   0   0             @const309
0     34   0   0             @const314
0     52   0   0             @const318
0     30   0   5             @MUL1616
0     78   1   4   139  4.3  usb_tbe
0     36   0   1   134  2.5  usb_detach
0     34   0   0   136  2.2  usb_attach
0      6   0   0    16  1.0  usb_init_cs
0     36   0   1   362  5.0  usb_task
0     14   0   0    61  2.5  usb_init
0    264   3   9  1092  5.4  usb_flush_in
0    150   1  10   344  6.1  usb_put_packet
0    226   2   9   914  5.0  usb_flush_out
0     60   1   3    66  2.7  usb_rx_packet_size
0     90   1   6   258  4.6  usb_stall_ep
0     88   1   6   266  4.6  usb_unstall_ep
0    106   1   5   373  6.0  usb_endpoint_stalled
0     22   0   1    94  2.7  usb_set_address
0    418   4  12  1774 10.4  usb_set_configured
0     96   1   5   199  3.2  usb_disable_endpoint
0     22   0   1    99  3.0  usb_disable_endpoints
0      4   0   0    61  4.0  usb_clear_trn
0    126   1   2   656  6.7  usb_isr
0      6   0   0    43  2.0  usb_isr_sof
0     42   0   0   357  4.2  usb_isr_rst
0     32   0   0   508  4.0  usb_init_ep0_setup
0      8   0   0    74  2.8  usb_isr_uerr
0     10   0   0    82  2.8  usb_isr_uidle
0     16   0   0   102  3.3  usb_isr_activity
0     14   0   0   151  3.9  usb_isr_stall
0      6   0   1    30  1.7  usb_request_send_response
0      6   0   0    22  1.2  usb_request_get_data
0      4   0   0    22  1.2  usb_request_stall
0    202   2   2  1485  7.8  usb_isr_tok_dne
0     44   0   3   273  4.0  usb_token_reset
0     66   1   3   274  5.9  usb_endpoint_is_valid
0     34   0   1   212  3.1  usb_isr_tok_in_dne
0     18   0   1   115  2.5  usb_isr_tok_out_dne
0     50   0   0   375  6.4  usb_isr_tok_setup_dne
0    164   2   0  1454  8.3  usb_isr_tkn_setup_StandardDevice
0    140   1   3   939  7.7  usb_isr_tkn_setup_StandardInterface
0     94   1   0   753  5.8  usb_isr_tkn_setup_StandardEndpoint
0    184   2   0  1088  8.7  usb_Get_Descriptor
0     14   0   0    76  1.8  usb_finish_set_address
0    120   1   4   622  9.1  usb_copy_desc_seg_to_ep
0     90   1   0   401  6.1  usb_isr_tok_out_cdc_control_dne
0    162   2   0  1146  8.3  usb_isr_tkn_cdc
0     24   0   0   174  3.6  usb_isr_tok_out_cdc_data_dne
0      6   0   0    16  1.0  usb_isr_tok_in_cdc_data_dne
0     34   0   0   106  2.9  usb_cdc_flush_out_buffer
0    112   1   4   280  2.3  usb_cdc_init
0     12   0   0    59  2.3  usb_cdc_get_discard
0     54   1   2   239  5.5  usb_cdc_getc
0     48   0   4   206  4.5  _usb_cdc_putc_fast_noflush
0     46   0   1    67  1.8  usb_cdc_putc_fast
0     16   0   1    80  3.1  usb_cdc_putc
0     98   1   1   127  1.3  envio_I2C
0    128   1   0   132  2.4  MAIN
0     22   0   0   581 10.2  @const571
0     32   0   3   114  1.3  @PSTRINGCN_184
0    172   2   6   147  2.4  @PRINTF_D_184
 Inline        0             @cinit1

Program metrics:
    Functions               58
    Statements              1009
    Comments                4294
    Volume (V)              41461
    Difficulty (D)          246.5
    Effort to implement (E) 10218972
    Time to implement (T)   157 hours, 42 minutes
    Est Delivered Bugs (B)  16
    Cyclomatic Complexity   152
    Maintainability (MI)    125

 Segment     Used  Free
-----------  ----  ----
00000-01FFE     0  8192  
02000-02006     4  4  
02008-020B8   178  0  
020BA-07FFE  5062  19328  



