
ROM used:   1284 (4%)
            1284 (4%) including unused fragments

            1 Average locations per line
            12 Average locations per statement

RAM used:   28 (1%) at main() level
            47 (2%) worst case

Stack used: 7/31 worst case (6 in main + 1 for interrupts)

Lines Stmts  %   Files
----- ----- ---  -----
   44    23  21  Timer0.c
  412     0   0  C:\Program Files\PICC\devices\18F2550.h
  456    84  79  C:\Program Files\PICC\drivers\lcd.c
----- -----
  912   107 Total

Page ROM  %  RAM   Vol Diff  Functions:
---- --- --- ---   --- ----  ----------
0     40   2   1    14  0.8  @delay_ms1
0     20   1   0    56  1.6  @const75
0     70   3   3   596  5.9  lcd_read_byte
0     12   0   0    59  4.2  lcd_read_nibble
0     32   1   1   179  3.3  lcd_send_nibble
0     58   2   3   460  4.7  lcd_send_byte
0     92   4   2   667  5.9  lcd_init
0     34   1   4   208  6.3  lcd_gotoxy
0     80   3   1   354  4.7  lcd_putc
0     28   1   0   117  3.0  interrupt_timer0
0    192   7   2   431  3.2  MAIN
0     18   1   0             @const110
0     30   1   3             @PSTRINGCN_93
0    180   7   9             @PRINTF_LU_93
0     16   1   0             @const115
0     40   2   3             @DIV88
0    172   7   6             @PRINTF_D_93
 Inline        0             @cinit1

Program metrics:
    Functions               11
    Statements              107
    Comments                206
    Volume (V)              5009
    Difficulty (D)          42.9
    Effort to implement (E) 215025
    Time to implement (T)   3 hours, 19 minutes
    Est Delivered Bugs (B)  1
    Cyclomatic Complexity   9
    Maintainability (MI)    123

 Segment     Used  Free
-----------  ----  ----
00000-00002     4  0  
00004-00006     0  4  
00008-000AC   166  0  
000AE-07FFE  1114  31480  



